<?xml version="1.0" encoding="UTF-8"?>
<!-- Generated by org.testng.reporters.JUnitReportReporter -->
<testsuite skipped="0" hostname="DESKTOP-IAGK322" name="reqres.CRUDOperationsBDD.CreateUserTest" tests="1" failures="0" timestamp="2023-03-30T22:01:41 IST" time="4.131" errors="0">
  <testcase name="createUserTest" time="4.131" classname="reqres.CRUDOperationsBDD.CreateUserTest"/>
  <system-out/>
</testsuite> <!-- reqres.CRUDOperationsBDD.CreateUserTest -->
