<?xml version="1.0" encoding="UTF-8"?>
<!-- Generated by org.testng.reporters.JUnitReportReporter -->
<testsuite skipped="0" hostname="DESKTOP-IAGK322" name="reqres.CRUDOperations.UpdateUserTest" tests="1" failures="0" timestamp="2023-03-30T22:03:29 IST" time="3.949" errors="0">
  <testcase name="updateUserTest" time="3.949" classname="reqres.CRUDOperations.UpdateUserTest"/>
  <system-out/>
</testsuite> <!-- reqres.CRUDOperations.UpdateUserTest -->
