<?xml version="1.0" encoding="UTF-8"?>
<!-- Generated by org.testng.reporters.JUnitReportReporter -->
<testsuite skipped="0" hostname="DESKTOP-IAGK322" name="reqres.CRUDOperations.DeleteUserTest" tests="1" failures="0" timestamp="2023-03-30T21:33:50 IST" time="3.440" errors="0">
  <testcase name="deleteUserTest" time="3.440" classname="reqres.CRUDOperations.DeleteUserTest"/>
  <system-out/>
</testsuite> <!-- reqres.CRUDOperations.DeleteUserTest -->
