<?xml version="1.0" encoding="UTF-8"?>
<!-- Generated by org.testng.reporters.JUnitReportReporter -->
<testsuite skipped="0" hostname="DESKTOP-IAGK322" name="reqres.responseValidation.ResponseBodyValidation" tests="1" failures="0" timestamp="2023-03-30T22:00:24 IST" time="4.788" errors="0">
  <testcase name="getAllUsers" time="4.788" classname="reqres.responseValidation.ResponseBodyValidation"/>
  <system-out/>
</testsuite> <!-- reqres.responseValidation.ResponseBodyValidation -->
