<?xml version="1.0" encoding="UTF-8"?>
<!-- Generated by org.testng.reporters.JUnitReportReporter -->
<testsuite skipped="0" hostname="DESKTOP-IAGK322" name="reqres.CRUDOperations.CreateUserTest" tests="1" failures="0" timestamp="2023-03-31T21:30:53 IST" time="4.358" errors="0">
  <testcase name="createUserTest" time="4.358" classname="reqres.CRUDOperations.CreateUserTest"/>
  <system-out/>
</testsuite> <!-- reqres.CRUDOperations.CreateUserTest -->
