<?xml version="1.0" encoding="UTF-8"?>
<!-- Generated by org.testng.reporters.JUnitReportReporter -->
<testsuite skipped="0" hostname="DESKTOP-IAGK322" name="reqres.SerializationDeserialization.DeserializationTest" tests="1" failures="0" timestamp="2023-03-30T21:59:52 IST" time="0.262" errors="0">
  <testcase name="deserializationTest" time="0.262" classname="reqres.SerializationDeserialization.DeserializationTest"/>
  <system-out/>
</testsuite> <!-- reqres.SerializationDeserialization.DeserializationTest -->
