<?xml version="1.0" encoding="UTF-8"?>
<!-- Generated by org.testng.reporters.JUnitReportReporter -->
<testsuite skipped="0" hostname="DESKTOP-IAGK322" name="reqres.SerializationDeserialization.SerializationTest" tests="1" failures="0" timestamp="2023-03-30T21:59:12 IST" time="0.306" errors="0">
  <testcase name="serialization" time="0.306" classname="reqres.SerializationDeserialization.SerializationTest"/>
  <system-out/>
</testsuite> <!-- reqres.SerializationDeserialization.SerializationTest -->
