<?xml version="1.0" encoding="UTF-8"?>
<!-- Generated by org.testng.reporters.JUnitReportReporter -->
<testsuite skipped="0" hostname="DESKTOP-IAGK322" name="reqres.CRUDOperations.GetSingleUserTest" tests="1" failures="0" timestamp="2023-03-30T21:14:15 IST" time="3.759" errors="0">
  <testcase name="getSingleUserTest" time="3.759" classname="reqres.CRUDOperations.GetSingleUserTest"/>
  <system-out/>
</testsuite> <!-- reqres.CRUDOperations.GetSingleUserTest -->
