<?xml version="1.0" encoding="UTF-8"?>
<!-- Generated by org.testng.reporters.JUnitReportReporter -->
<testsuite skipped="0" hostname="DESKTOP-IAGK322" name="reqres.responseValidation.ResponseHeaderValidation" tests="1" failures="0" timestamp="2023-03-30T22:00:43 IST" time="3.163" errors="0">
  <testcase name="headerValidation" time="3.163" classname="reqres.responseValidation.ResponseHeaderValidation"/>
  <system-out/>
</testsuite> <!-- reqres.responseValidation.ResponseHeaderValidation -->
