<?xml version="1.0" encoding="UTF-8"?>
<!-- Generated by org.testng.reporters.JUnitReportReporter -->
<testsuite skipped="0" hostname="DESKTOP-IAGK322" name="reqres.CRUDOperationsBDD.RequestChainingGETAndDELETE" tests="1" failures="0" timestamp="2023-03-30T22:05:49 IST" time="4.954" errors="0">
  <testcase name="getAndDeleteUser" time="4.954" classname="reqres.CRUDOperationsBDD.RequestChainingGETAndDELETE"/>
  <system-out/>
</testsuite> <!-- reqres.CRUDOperationsBDD.RequestChainingGETAndDELETE -->
